<?xml version="1.0" encoding="UTF-8"?>
<testsuite xmlns:xsi="http://www.w3.org/2001/XMLSchema-instance" xsi:noNamespaceSchemaLocation="https://maven.apache.org/surefire/maven-surefire-plugin/xsd/surefire-test-report-3.0.xsd" version="3.0" name="com.mjh.codesandbox.CodeSandboxApplicationTests" time="2.721" tests="1" errors="0" skipped="0" failures="0">
  <properties>
    <property name="sun.desktop" value="windows"/>
    <property name="awt.toolkit" value="sun.awt.windows.WToolkit"/>
    <property name="file.encoding.pkg" value="sun.io"/>
    <property name="java.specification.version" value="1.8"/>
    <property name="sun.cpu.isalist" value="amd64"/>
    <property name="sun.jnu.encoding" value="GBK"/>
    <property name="java.class.path" value="D:\JavaCode\Yupi\OJ\CodeSandbox\target\test-classes;D:\JavaCode\Yupi\OJ\CodeSandbox\target\classes;D:\JavaWeb\Maven\repository\org\springframework\boot\spring-boot-starter-web\2.6.13\spring-boot-starter-web-2.6.13.jar;D:\JavaWeb\Maven\repository\org\springframework\boot\spring-boot-starter\2.6.13\spring-boot-starter-2.6.13.jar;D:\JavaWeb\Maven\repository\org\springframework\boot\spring-boot\2.6.13\spring-boot-2.6.13.jar;D:\JavaWeb\Maven\repository\org\springframework\boot\spring-boot-autoconfigure\2.6.13\spring-boot-autoconfigure-2.6.13.jar;D:\JavaWeb\Maven\repository\org\springframework\boot\spring-boot-starter-logging\2.6.13\spring-boot-starter-logging-2.6.13.jar;D:\JavaWeb\Maven\repository\ch\qos\logback\logback-classic\1.2.11\logback-classic-1.2.11.jar;D:\JavaWeb\Maven\repository\ch\qos\logback\logback-core\1.2.11\logback-core-1.2.11.jar;D:\JavaWeb\Maven\repository\org\apache\logging\log4j\log4j-to-slf4j\2.17.2\log4j-to-slf4j-2.17.2.jar;D:\JavaWeb\Maven\repository\org\apache\logging\log4j\log4j-api\2.17.2\log4j-api-2.17.2.jar;D:\JavaWeb\Maven\repository\org\slf4j\jul-to-slf4j\1.7.36\jul-to-slf4j-1.7.36.jar;D:\JavaWeb\Maven\repository\jakarta\annotation\jakarta.annotation-api\1.3.5\jakarta.annotation-api-1.3.5.jar;D:\JavaWeb\Maven\repository\org\yaml\snakeyaml\1.29\snakeyaml-1.29.jar;D:\JavaWeb\Maven\repository\org\springframework\boot\spring-boot-starter-json\2.6.13\spring-boot-starter-json-2.6.13.jar;D:\JavaWeb\Maven\repository\com\fasterxml\jackson\core\jackson-databind\2.13.4.2\jackson-databind-2.13.4.2.jar;D:\JavaWeb\Maven\repository\com\fasterxml\jackson\core\jackson-annotations\2.13.4\jackson-annotations-2.13.4.jar;D:\JavaWeb\Maven\repository\com\fasterxml\jackson\core\jackson-core\2.13.4\jackson-core-2.13.4.jar;D:\JavaWeb\Maven\repository\com\fasterxml\jackson\datatype\jackson-datatype-jdk8\2.13.4\jackson-datatype-jdk8-2.13.4.jar;D:\JavaWeb\Maven\repository\com\fasterxml\jackson\datatype\jackson-datatype-jsr310\2.13.4\jackson-datatype-jsr310-2.13.4.jar;D:\JavaWeb\Maven\repository\com\fasterxml\jackson\module\jackson-module-parameter-names\2.13.4\jackson-module-parameter-names-2.13.4.jar;D:\JavaWeb\Maven\repository\org\springframework\boot\spring-boot-starter-tomcat\2.6.13\spring-boot-starter-tomcat-2.6.13.jar;D:\JavaWeb\Maven\repository\org\apache\tomcat\embed\tomcat-embed-core\9.0.68\tomcat-embed-core-9.0.68.jar;D:\JavaWeb\Maven\repository\org\apache\tomcat\embed\tomcat-embed-el\9.0.68\tomcat-embed-el-9.0.68.jar;D:\JavaWeb\Maven\repository\org\apache\tomcat\embed\tomcat-embed-websocket\9.0.68\tomcat-embed-websocket-9.0.68.jar;D:\JavaWeb\Maven\repository\org\springframework\spring-web\5.3.23\spring-web-5.3.23.jar;D:\JavaWeb\Maven\repository\org\springframework\spring-beans\5.3.23\spring-beans-5.3.23.jar;D:\JavaWeb\Maven\repository\org\springframework\spring-webmvc\5.3.23\spring-webmvc-5.3.23.jar;D:\JavaWeb\Maven\repository\org\springframework\spring-aop\5.3.23\spring-aop-5.3.23.jar;D:\JavaWeb\Maven\repository\org\springframework\spring-context\5.3.23\spring-context-5.3.23.jar;D:\JavaWeb\Maven\repository\org\springframework\spring-expression\5.3.23\spring-expression-5.3.23.jar;D:\JavaWeb\Maven\repository\org\springframework\boot\spring-boot-starter-test\2.6.13\spring-boot-starter-test-2.6.13.jar;D:\JavaWeb\Maven\repository\org\springframework\boot\spring-boot-test\2.6.13\spring-boot-test-2.6.13.jar;D:\JavaWeb\Maven\repository\org\springframework\boot\spring-boot-test-autoconfigure\2.6.13\spring-boot-test-autoconfigure-2.6.13.jar;D:\JavaWeb\Maven\repository\com\jayway\jsonpath\json-path\2.6.0\json-path-2.6.0.jar;D:\JavaWeb\Maven\repository\net\minidev\json-smart\2.4.8\json-smart-2.4.8.jar;D:\JavaWeb\Maven\repository\net\minidev\accessors-smart\2.4.8\accessors-smart-2.4.8.jar;D:\JavaWeb\Maven\repository\org\ow2\asm\asm\9.1\asm-9.1.jar;D:\JavaWeb\Maven\repository\org\slf4j\slf4j-api\1.7.36\slf4j-api-1.7.36.jar;D:\JavaWeb\Maven\repository\jakarta\xml\bind\jakarta.xml.bind-api\2.3.3\jakarta.xml.bind-api-2.3.3.jar;D:\JavaWeb\Maven\repository\jakarta\activation\jakarta.activation-api\1.2.2\jakarta.activation-api-1.2.2.jar;D:\JavaWeb\Maven\repository\org\assertj\assertj-core\3.21.0\assertj-core-3.21.0.jar;D:\JavaWeb\Maven\repository\org\hamcrest\hamcrest\2.2\hamcrest-2.2.jar;D:\JavaWeb\Maven\repository\org\junit\jupiter\junit-jupiter\5.8.2\junit-jupiter-5.8.2.jar;D:\JavaWeb\Maven\repository\org\junit\jupiter\junit-jupiter-api\5.8.2\junit-jupiter-api-5.8.2.jar;D:\JavaWeb\Maven\repository\org\opentest4j\opentest4j\1.2.0\opentest4j-1.2.0.jar;D:\JavaWeb\Maven\repository\org\junit\platform\junit-platform-commons\1.8.2\junit-platform-commons-1.8.2.jar;D:\JavaWeb\Maven\repository\org\apiguardian\apiguardian-api\1.1.2\apiguardian-api-1.1.2.jar;D:\JavaWeb\Maven\repository\org\junit\jupiter\junit-jupiter-params\5.8.2\junit-jupiter-params-5.8.2.jar;D:\JavaWeb\Maven\repository\org\junit\jupiter\junit-jupiter-engine\5.8.2\junit-jupiter-engine-5.8.2.jar;D:\JavaWeb\Maven\repository\org\junit\platform\junit-platform-engine\1.8.2\junit-platform-engine-1.8.2.jar;D:\JavaWeb\Maven\repository\org\mockito\mockito-core\4.0.0\mockito-core-4.0.0.jar;D:\JavaWeb\Maven\repository\net\bytebuddy\byte-buddy\1.11.22\byte-buddy-1.11.22.jar;D:\JavaWeb\Maven\repository\net\bytebuddy\byte-buddy-agent\1.11.22\byte-buddy-agent-1.11.22.jar;D:\JavaWeb\Maven\repository\org\objenesis\objenesis\3.2\objenesis-3.2.jar;D:\JavaWeb\Maven\repository\org\mockito\mockito-junit-jupiter\4.0.0\mockito-junit-jupiter-4.0.0.jar;D:\JavaWeb\Maven\repository\org\skyscreamer\jsonassert\1.5.1\jsonassert-1.5.1.jar;D:\JavaWeb\Maven\repository\com\vaadin\external\google\android-json\0.0.20131108.vaadin1\android-json-0.0.20131108.vaadin1.jar;D:\JavaWeb\Maven\repository\org\springframework\spring-core\5.3.23\spring-core-5.3.23.jar;D:\JavaWeb\Maven\repository\org\springframework\spring-jcl\5.3.23\spring-jcl-5.3.23.jar;D:\JavaWeb\Maven\repository\org\springframework\spring-test\5.3.23\spring-test-5.3.23.jar;D:\JavaWeb\Maven\repository\org\xmlunit\xmlunit-core\2.8.4\xmlunit-core-2.8.4.jar;D:\JavaWeb\Maven\repository\org\projectlombok\lombok\1.18.24\lombok-1.18.24.jar;D:\JavaWeb\Maven\repository\com\github\docker-java\docker-java\3.3.0\docker-java-3.3.0.jar;D:\JavaWeb\Maven\repository\com\github\docker-java\docker-java-core\3.3.0\docker-java-core-3.3.0.jar;D:\JavaWeb\Maven\repository\com\github\docker-java\docker-java-api\3.3.0\docker-java-api-3.3.0.jar;D:\JavaWeb\Maven\repository\commons-io\commons-io\2.6\commons-io-2.6.jar;D:\JavaWeb\Maven\repository\org\apache\commons\commons-compress\1.21\commons-compress-1.21.jar;D:\JavaWeb\Maven\repository\org\apache\commons\commons-lang3\3.12.0\commons-lang3-3.12.0.jar;D:\JavaWeb\Maven\repository\com\google\guava\guava\19.0\guava-19.0.jar;D:\JavaWeb\Maven\repository\org\bouncycastle\bcpkix-jdk15on\1.64\bcpkix-jdk15on-1.64.jar;D:\JavaWeb\Maven\repository\org\bouncycastle\bcprov-jdk15on\1.64\bcprov-jdk15on-1.64.jar;D:\JavaWeb\Maven\repository\com\github\docker-java\docker-java-transport-jersey\3.3.0\docker-java-transport-jersey-3.3.0.jar;D:\JavaWeb\Maven\repository\com\fasterxml\jackson\jaxrs\jackson-jaxrs-json-provider\2.13.4\jackson-jaxrs-json-provider-2.13.4.jar;D:\JavaWeb\Maven\repository\com\fasterxml\jackson\jaxrs\jackson-jaxrs-base\2.13.4\jackson-jaxrs-base-2.13.4.jar;D:\JavaWeb\Maven\repository\com\fasterxml\jackson\module\jackson-module-jaxb-annotations\2.13.4\jackson-module-jaxb-annotations-2.13.4.jar;D:\JavaWeb\Maven\repository\org\glassfish\jersey\connectors\jersey-apache-connector\2.35\jersey-apache-connector-2.35.jar;D:\JavaWeb\Maven\repository\org\glassfish\jersey\core\jersey-common\2.35\jersey-common-2.35.jar;D:\JavaWeb\Maven\repository\org\glassfish\hk2\osgi-resource-locator\1.0.3\osgi-resource-locator-1.0.3.jar;D:\JavaWeb\Maven\repository\jakarta\ws\rs\jakarta.ws.rs-api\2.1.6\jakarta.ws.rs-api-2.1.6.jar;D:\JavaWeb\Maven\repository\org\apache\httpcomponents\httpcore\4.4.15\httpcore-4.4.15.jar;D:\JavaWeb\Maven\repository\org\apache\httpcomponents\httpclient\4.5.13\httpclient-4.5.13.jar;D:\JavaWeb\Maven\repository\org\glassfish\jersey\core\jersey-client\2.35\jersey-client-2.35.jar;D:\JavaWeb\Maven\repository\org\glassfish\hk2\external\jakarta.inject\2.6.1\jakarta.inject-2.6.1.jar;D:\JavaWeb\Maven\repository\org\glassfish\jersey\inject\jersey-hk2\2.35\jersey-hk2-2.35.jar;D:\JavaWeb\Maven\repository\org\glassfish\hk2\hk2-locator\2.6.1\hk2-locator-2.6.1.jar;D:\JavaWeb\Maven\repository\org\glassfish\hk2\external\aopalliance-repackaged\2.6.1\aopalliance-repackaged-2.6.1.jar;D:\JavaWeb\Maven\repository\org\glassfish\hk2\hk2-api\2.6.1\hk2-api-2.6.1.jar;D:\JavaWeb\Maven\repository\org\glassfish\hk2\hk2-utils\2.6.1\hk2-utils-2.6.1.jar;D:\JavaWeb\Maven\repository\org\javassist\javassist\3.25.0-GA\javassist-3.25.0-GA.jar;D:\JavaWeb\Maven\repository\com\kohlschutter\junixsocket\junixsocket-common\2.6.1\junixsocket-common-2.6.1.jar;D:\JavaWeb\Maven\repository\com\kohlschutter\junixsocket\junixsocket-native-common\2.6.1\junixsocket-native-common-2.6.1.jar;D:\JavaWeb\Maven\repository\com\github\docker-java\docker-java-transport-netty\3.3.0\docker-java-transport-netty-3.3.0.jar;D:\JavaWeb\Maven\repository\io\netty\netty-codec-http\4.1.84.Final\netty-codec-http-4.1.84.Final.jar;D:\JavaWeb\Maven\repository\io\netty\netty-common\4.1.84.Final\netty-common-4.1.84.Final.jar;D:\JavaWeb\Maven\repository\io\netty\netty-buffer\4.1.84.Final\netty-buffer-4.1.84.Final.jar;D:\JavaWeb\Maven\repository\io\netty\netty-transport\4.1.84.Final\netty-transport-4.1.84.Final.jar;D:\JavaWeb\Maven\repository\io\netty\netty-codec\4.1.84.Final\netty-codec-4.1.84.Final.jar;D:\JavaWeb\Maven\repository\io\netty\netty-handler\4.1.84.Final\netty-handler-4.1.84.Final.jar;D:\JavaWeb\Maven\repository\io\netty\netty-resolver\4.1.84.Final\netty-resolver-4.1.84.Final.jar;D:\JavaWeb\Maven\repository\io\netty\netty-transport-native-unix-common\4.1.84.Final\netty-transport-native-unix-common-4.1.84.Final.jar;D:\JavaWeb\Maven\repository\io\netty\netty-handler-proxy\4.1.84.Final\netty-handler-proxy-4.1.84.Final.jar;D:\JavaWeb\Maven\repository\io\netty\netty-codec-socks\4.1.84.Final\netty-codec-socks-4.1.84.Final.jar;D:\JavaWeb\Maven\repository\io\netty\netty-transport-native-epoll\4.1.84.Final\netty-transport-native-epoll-4.1.84.Final-linux-x86_64.jar;D:\JavaWeb\Maven\repository\io\netty\netty-transport-classes-epoll\4.1.84.Final\netty-transport-classes-epoll-4.1.84.Final.jar;D:\JavaWeb\Maven\repository\io\netty\netty-transport-native-kqueue\4.1.84.Final\netty-transport-native-kqueue-4.1.84.Final-osx-x86_64.jar;D:\JavaWeb\Maven\repository\io\netty\netty-transport-classes-kqueue\4.1.84.Final\netty-transport-classes-kqueue-4.1.84.Final.jar;D:\JavaWeb\Maven\repository\org\slf4j\jcl-over-slf4j\1.7.36\jcl-over-slf4j-1.7.36.jar;D:\JavaWeb\Maven\repository\com\github\docker-java\docker-java-transport-httpclient5\3.3.0\docker-java-transport-httpclient5-3.3.0.jar;D:\JavaWeb\Maven\repository\com\github\docker-java\docker-java-transport\3.3.0\docker-java-transport-3.3.0.jar;D:\JavaWeb\Maven\repository\org\apache\httpcomponents\client5\httpclient5\5.1.3\httpclient5-5.1.3.jar;D:\JavaWeb\Maven\repository\org\apache\httpcomponents\core5\httpcore5\5.1.4\httpcore5-5.1.4.jar;D:\JavaWeb\Maven\repository\commons-codec\commons-codec\1.15\commons-codec-1.15.jar;D:\JavaWeb\Maven\repository\net\java\dev\jna\jna\5.12.1\jna-5.12.1.jar;D:\JavaWeb\Maven\repository\cn\hutool\hutool-all\5.8.16\hutool-all-5.8.16.jar;"/>
    <property name="java.vm.vendor" value="Amazon.com Inc."/>
    <property name="sun.arch.data.model" value="64"/>
    <property name="user.variant" value=""/>
    <property name="java.vendor.url" value="https://aws.amazon.com/corretto/"/>
    <property name="user.timezone" value="Asia/Shanghai"/>
    <property name="java.vm.specification.version" value="1.8"/>
    <property name="os.name" value="Windows 11"/>
    <property name="user.country" value="CN"/>
    <property name="sun.java.launcher" value="SUN_STANDARD"/>
    <property name="sun.boot.library.path" value="C:\Users\Ma Jiahui\.jdks\corretto-1.8.0_422\jre\bin"/>
    <property name="sun.java.command" value="C:\Users\Ma Jiahui\AppData\Local\Temp\surefire1911644673099182448\surefirebooter-20250312214658956_3.jar C:\Users\Ma Jiahui\AppData\Local\Temp\surefire1911644673099182448 2025-03-12T21-46-57_919-jvmRun1 surefire-20250312214658956_1tmp surefire_0-20250312214658956_2tmp"/>
    <property name="surefire.test.class.path" value="D:\JavaCode\Yupi\OJ\CodeSandbox\target\test-classes;D:\JavaCode\Yupi\OJ\CodeSandbox\target\classes;D:\JavaWeb\Maven\repository\org\springframework\boot\spring-boot-starter-web\2.6.13\spring-boot-starter-web-2.6.13.jar;D:\JavaWeb\Maven\repository\org\springframework\boot\spring-boot-starter\2.6.13\spring-boot-starter-2.6.13.jar;D:\JavaWeb\Maven\repository\org\springframework\boot\spring-boot\2.6.13\spring-boot-2.6.13.jar;D:\JavaWeb\Maven\repository\org\springframework\boot\spring-boot-autoconfigure\2.6.13\spring-boot-autoconfigure-2.6.13.jar;D:\JavaWeb\Maven\repository\org\springframework\boot\spring-boot-starter-logging\2.6.13\spring-boot-starter-logging-2.6.13.jar;D:\JavaWeb\Maven\repository\ch\qos\logback\logback-classic\1.2.11\logback-classic-1.2.11.jar;D:\JavaWeb\Maven\repository\ch\qos\logback\logback-core\1.2.11\logback-core-1.2.11.jar;D:\JavaWeb\Maven\repository\org\apache\logging\log4j\log4j-to-slf4j\2.17.2\log4j-to-slf4j-2.17.2.jar;D:\JavaWeb\Maven\repository\org\apache\logging\log4j\log4j-api\2.17.2\log4j-api-2.17.2.jar;D:\JavaWeb\Maven\repository\org\slf4j\jul-to-slf4j\1.7.36\jul-to-slf4j-1.7.36.jar;D:\JavaWeb\Maven\repository\jakarta\annotation\jakarta.annotation-api\1.3.5\jakarta.annotation-api-1.3.5.jar;D:\JavaWeb\Maven\repository\org\yaml\snakeyaml\1.29\snakeyaml-1.29.jar;D:\JavaWeb\Maven\repository\org\springframework\boot\spring-boot-starter-json\2.6.13\spring-boot-starter-json-2.6.13.jar;D:\JavaWeb\Maven\repository\com\fasterxml\jackson\core\jackson-databind\2.13.4.2\jackson-databind-2.13.4.2.jar;D:\JavaWeb\Maven\repository\com\fasterxml\jackson\core\jackson-annotations\2.13.4\jackson-annotations-2.13.4.jar;D:\JavaWeb\Maven\repository\com\fasterxml\jackson\core\jackson-core\2.13.4\jackson-core-2.13.4.jar;D:\JavaWeb\Maven\repository\com\fasterxml\jackson\datatype\jackson-datatype-jdk8\2.13.4\jackson-datatype-jdk8-2.13.4.jar;D:\JavaWeb\Maven\repository\com\fasterxml\jackson\datatype\jackson-datatype-jsr310\2.13.4\jackson-datatype-jsr310-2.13.4.jar;D:\JavaWeb\Maven\repository\com\fasterxml\jackson\module\jackson-module-parameter-names\2.13.4\jackson-module-parameter-names-2.13.4.jar;D:\JavaWeb\Maven\repository\org\springframework\boot\spring-boot-starter-tomcat\2.6.13\spring-boot-starter-tomcat-2.6.13.jar;D:\JavaWeb\Maven\repository\org\apache\tomcat\embed\tomcat-embed-core\9.0.68\tomcat-embed-core-9.0.68.jar;D:\JavaWeb\Maven\repository\org\apache\tomcat\embed\tomcat-embed-el\9.0.68\tomcat-embed-el-9.0.68.jar;D:\JavaWeb\Maven\repository\org\apache\tomcat\embed\tomcat-embed-websocket\9.0.68\tomcat-embed-websocket-9.0.68.jar;D:\JavaWeb\Maven\repository\org\springframework\spring-web\5.3.23\spring-web-5.3.23.jar;D:\JavaWeb\Maven\repository\org\springframework\spring-beans\5.3.23\spring-beans-5.3.23.jar;D:\JavaWeb\Maven\repository\org\springframework\spring-webmvc\5.3.23\spring-webmvc-5.3.23.jar;D:\JavaWeb\Maven\repository\org\springframework\spring-aop\5.3.23\spring-aop-5.3.23.jar;D:\JavaWeb\Maven\repository\org\springframework\spring-context\5.3.23\spring-context-5.3.23.jar;D:\JavaWeb\Maven\repository\org\springframework\spring-expression\5.3.23\spring-expression-5.3.23.jar;D:\JavaWeb\Maven\repository\org\springframework\boot\spring-boot-starter-test\2.6.13\spring-boot-starter-test-2.6.13.jar;D:\JavaWeb\Maven\repository\org\springframework\boot\spring-boot-test\2.6.13\spring-boot-test-2.6.13.jar;D:\JavaWeb\Maven\repository\org\springframework\boot\spring-boot-test-autoconfigure\2.6.13\spring-boot-test-autoconfigure-2.6.13.jar;D:\JavaWeb\Maven\repository\com\jayway\jsonpath\json-path\2.6.0\json-path-2.6.0.jar;D:\JavaWeb\Maven\repository\net\minidev\json-smart\2.4.8\json-smart-2.4.8.jar;D:\JavaWeb\Maven\repository\net\minidev\accessors-smart\2.4.8\accessors-smart-2.4.8.jar;D:\JavaWeb\Maven\repository\org\ow2\asm\asm\9.1\asm-9.1.jar;D:\JavaWeb\Maven\repository\org\slf4j\slf4j-api\1.7.36\slf4j-api-1.7.36.jar;D:\JavaWeb\Maven\repository\jakarta\xml\bind\jakarta.xml.bind-api\2.3.3\jakarta.xml.bind-api-2.3.3.jar;D:\JavaWeb\Maven\repository\jakarta\activation\jakarta.activation-api\1.2.2\jakarta.activation-api-1.2.2.jar;D:\JavaWeb\Maven\repository\org\assertj\assertj-core\3.21.0\assertj-core-3.21.0.jar;D:\JavaWeb\Maven\repository\org\hamcrest\hamcrest\2.2\hamcrest-2.2.jar;D:\JavaWeb\Maven\repository\org\junit\jupiter\junit-jupiter\5.8.2\junit-jupiter-5.8.2.jar;D:\JavaWeb\Maven\repository\org\junit\jupiter\junit-jupiter-api\5.8.2\junit-jupiter-api-5.8.2.jar;D:\JavaWeb\Maven\repository\org\opentest4j\opentest4j\1.2.0\opentest4j-1.2.0.jar;D:\JavaWeb\Maven\repository\org\junit\platform\junit-platform-commons\1.8.2\junit-platform-commons-1.8.2.jar;D:\JavaWeb\Maven\repository\org\apiguardian\apiguardian-api\1.1.2\apiguardian-api-1.1.2.jar;D:\JavaWeb\Maven\repository\org\junit\jupiter\junit-jupiter-params\5.8.2\junit-jupiter-params-5.8.2.jar;D:\JavaWeb\Maven\repository\org\junit\jupiter\junit-jupiter-engine\5.8.2\junit-jupiter-engine-5.8.2.jar;D:\JavaWeb\Maven\repository\org\junit\platform\junit-platform-engine\1.8.2\junit-platform-engine-1.8.2.jar;D:\JavaWeb\Maven\repository\org\mockito\mockito-core\4.0.0\mockito-core-4.0.0.jar;D:\JavaWeb\Maven\repository\net\bytebuddy\byte-buddy\1.11.22\byte-buddy-1.11.22.jar;D:\JavaWeb\Maven\repository\net\bytebuddy\byte-buddy-agent\1.11.22\byte-buddy-agent-1.11.22.jar;D:\JavaWeb\Maven\repository\org\objenesis\objenesis\3.2\objenesis-3.2.jar;D:\JavaWeb\Maven\repository\org\mockito\mockito-junit-jupiter\4.0.0\mockito-junit-jupiter-4.0.0.jar;D:\JavaWeb\Maven\repository\org\skyscreamer\jsonassert\1.5.1\jsonassert-1.5.1.jar;D:\JavaWeb\Maven\repository\com\vaadin\external\google\android-json\0.0.20131108.vaadin1\android-json-0.0.20131108.vaadin1.jar;D:\JavaWeb\Maven\repository\org\springframework\spring-core\5.3.23\spring-core-5.3.23.jar;D:\JavaWeb\Maven\repository\org\springframework\spring-jcl\5.3.23\spring-jcl-5.3.23.jar;D:\JavaWeb\Maven\repository\org\springframework\spring-test\5.3.23\spring-test-5.3.23.jar;D:\JavaWeb\Maven\repository\org\xmlunit\xmlunit-core\2.8.4\xmlunit-core-2.8.4.jar;D:\JavaWeb\Maven\repository\org\projectlombok\lombok\1.18.24\lombok-1.18.24.jar;D:\JavaWeb\Maven\repository\com\github\docker-java\docker-java\3.3.0\docker-java-3.3.0.jar;D:\JavaWeb\Maven\repository\com\github\docker-java\docker-java-core\3.3.0\docker-java-core-3.3.0.jar;D:\JavaWeb\Maven\repository\com\github\docker-java\docker-java-api\3.3.0\docker-java-api-3.3.0.jar;D:\JavaWeb\Maven\repository\commons-io\commons-io\2.6\commons-io-2.6.jar;D:\JavaWeb\Maven\repository\org\apache\commons\commons-compress\1.21\commons-compress-1.21.jar;D:\JavaWeb\Maven\repository\org\apache\commons\commons-lang3\3.12.0\commons-lang3-3.12.0.jar;D:\JavaWeb\Maven\repository\com\google\guava\guava\19.0\guava-19.0.jar;D:\JavaWeb\Maven\repository\org\bouncycastle\bcpkix-jdk15on\1.64\bcpkix-jdk15on-1.64.jar;D:\JavaWeb\Maven\repository\org\bouncycastle\bcprov-jdk15on\1.64\bcprov-jdk15on-1.64.jar;D:\JavaWeb\Maven\repository\com\github\docker-java\docker-java-transport-jersey\3.3.0\docker-java-transport-jersey-3.3.0.jar;D:\JavaWeb\Maven\repository\com\fasterxml\jackson\jaxrs\jackson-jaxrs-json-provider\2.13.4\jackson-jaxrs-json-provider-2.13.4.jar;D:\JavaWeb\Maven\repository\com\fasterxml\jackson\jaxrs\jackson-jaxrs-base\2.13.4\jackson-jaxrs-base-2.13.4.jar;D:\JavaWeb\Maven\repository\com\fasterxml\jackson\module\jackson-module-jaxb-annotations\2.13.4\jackson-module-jaxb-annotations-2.13.4.jar;D:\JavaWeb\Maven\repository\org\glassfish\jersey\connectors\jersey-apache-connector\2.35\jersey-apache-connector-2.35.jar;D:\JavaWeb\Maven\repository\org\glassfish\jersey\core\jersey-common\2.35\jersey-common-2.35.jar;D:\JavaWeb\Maven\repository\org\glassfish\hk2\osgi-resource-locator\1.0.3\osgi-resource-locator-1.0.3.jar;D:\JavaWeb\Maven\repository\jakarta\ws\rs\jakarta.ws.rs-api\2.1.6\jakarta.ws.rs-api-2.1.6.jar;D:\JavaWeb\Maven\repository\org\apache\httpcomponents\httpcore\4.4.15\httpcore-4.4.15.jar;D:\JavaWeb\Maven\repository\org\apache\httpcomponents\httpclient\4.5.13\httpclient-4.5.13.jar;D:\JavaWeb\Maven\repository\org\glassfish\jersey\core\jersey-client\2.35\jersey-client-2.35.jar;D:\JavaWeb\Maven\repository\org\glassfish\hk2\external\jakarta.inject\2.6.1\jakarta.inject-2.6.1.jar;D:\JavaWeb\Maven\repository\org\glassfish\jersey\inject\jersey-hk2\2.35\jersey-hk2-2.35.jar;D:\JavaWeb\Maven\repository\org\glassfish\hk2\hk2-locator\2.6.1\hk2-locator-2.6.1.jar;D:\JavaWeb\Maven\repository\org\glassfish\hk2\external\aopalliance-repackaged\2.6.1\aopalliance-repackaged-2.6.1.jar;D:\JavaWeb\Maven\repository\org\glassfish\hk2\hk2-api\2.6.1\hk2-api-2.6.1.jar;D:\JavaWeb\Maven\repository\org\glassfish\hk2\hk2-utils\2.6.1\hk2-utils-2.6.1.jar;D:\JavaWeb\Maven\repository\org\javassist\javassist\3.25.0-GA\javassist-3.25.0-GA.jar;D:\JavaWeb\Maven\repository\com\kohlschutter\junixsocket\junixsocket-common\2.6.1\junixsocket-common-2.6.1.jar;D:\JavaWeb\Maven\repository\com\kohlschutter\junixsocket\junixsocket-native-common\2.6.1\junixsocket-native-common-2.6.1.jar;D:\JavaWeb\Maven\repository\com\github\docker-java\docker-java-transport-netty\3.3.0\docker-java-transport-netty-3.3.0.jar;D:\JavaWeb\Maven\repository\io\netty\netty-codec-http\4.1.84.Final\netty-codec-http-4.1.84.Final.jar;D:\JavaWeb\Maven\repository\io\netty\netty-common\4.1.84.Final\netty-common-4.1.84.Final.jar;D:\JavaWeb\Maven\repository\io\netty\netty-buffer\4.1.84.Final\netty-buffer-4.1.84.Final.jar;D:\JavaWeb\Maven\repository\io\netty\netty-transport\4.1.84.Final\netty-transport-4.1.84.Final.jar;D:\JavaWeb\Maven\repository\io\netty\netty-codec\4.1.84.Final\netty-codec-4.1.84.Final.jar;D:\JavaWeb\Maven\repository\io\netty\netty-handler\4.1.84.Final\netty-handler-4.1.84.Final.jar;D:\JavaWeb\Maven\repository\io\netty\netty-resolver\4.1.84.Final\netty-resolver-4.1.84.Final.jar;D:\JavaWeb\Maven\repository\io\netty\netty-transport-native-unix-common\4.1.84.Final\netty-transport-native-unix-common-4.1.84.Final.jar;D:\JavaWeb\Maven\repository\io\netty\netty-handler-proxy\4.1.84.Final\netty-handler-proxy-4.1.84.Final.jar;D:\JavaWeb\Maven\repository\io\netty\netty-codec-socks\4.1.84.Final\netty-codec-socks-4.1.84.Final.jar;D:\JavaWeb\Maven\repository\io\netty\netty-transport-native-epoll\4.1.84.Final\netty-transport-native-epoll-4.1.84.Final-linux-x86_64.jar;D:\JavaWeb\Maven\repository\io\netty\netty-transport-classes-epoll\4.1.84.Final\netty-transport-classes-epoll-4.1.84.Final.jar;D:\JavaWeb\Maven\repository\io\netty\netty-transport-native-kqueue\4.1.84.Final\netty-transport-native-kqueue-4.1.84.Final-osx-x86_64.jar;D:\JavaWeb\Maven\repository\io\netty\netty-transport-classes-kqueue\4.1.84.Final\netty-transport-classes-kqueue-4.1.84.Final.jar;D:\JavaWeb\Maven\repository\org\slf4j\jcl-over-slf4j\1.7.36\jcl-over-slf4j-1.7.36.jar;D:\JavaWeb\Maven\repository\com\github\docker-java\docker-java-transport-httpclient5\3.3.0\docker-java-transport-httpclient5-3.3.0.jar;D:\JavaWeb\Maven\repository\com\github\docker-java\docker-java-transport\3.3.0\docker-java-transport-3.3.0.jar;D:\JavaWeb\Maven\repository\org\apache\httpcomponents\client5\httpclient5\5.1.3\httpclient5-5.1.3.jar;D:\JavaWeb\Maven\repository\org\apache\httpcomponents\core5\httpcore5\5.1.4\httpcore5-5.1.4.jar;D:\JavaWeb\Maven\repository\commons-codec\commons-codec\1.15\commons-codec-1.15.jar;D:\JavaWeb\Maven\repository\net\java\dev\jna\jna\5.12.1\jna-5.12.1.jar;D:\JavaWeb\Maven\repository\cn\hutool\hutool-all\5.8.16\hutool-all-5.8.16.jar;"/>
    <property name="sun.cpu.endian" value="little"/>
    <property name="user.home" value="C:\Users\Ma Jiahui"/>
    <property name="user.language" value="zh"/>
    <property name="java.specification.vendor" value="Oracle Corporation"/>
    <property name="java.home" value="C:\Users\Ma Jiahui\.jdks\corretto-1.8.0_422\jre"/>
    <property name="basedir" value="D:\JavaCode\Yupi\OJ\CodeSandbox"/>
    <property name="file.separator" value="\"/>
    <property name="line.separator" value="&#10;"/>
    <property name="java.vm.specification.vendor" value="Oracle Corporation"/>
    <property name="java.specification.name" value="Java Platform API Specification"/>
    <property name="FILE_LOG_CHARSET" value="GBK"/>
    <property name="java.awt.graphicsenv" value="sun.awt.Win32GraphicsEnvironment"/>
    <property name="java.awt.headless" value="true"/>
    <property name="surefire.real.class.path" value="C:\Users\Ma Jiahui\AppData\Local\Temp\surefire1911644673099182448\surefirebooter-20250312214658956_3.jar"/>
    <property name="sun.boot.class.path" value="C:\Users\Ma Jiahui\.jdks\corretto-1.8.0_422\jre\lib\resources.jar;C:\Users\Ma Jiahui\.jdks\corretto-1.8.0_422\jre\lib\rt.jar;C:\Users\Ma Jiahui\.jdks\corretto-1.8.0_422\jre\lib\sunrsasign.jar;C:\Users\Ma Jiahui\.jdks\corretto-1.8.0_422\jre\lib\jsse.jar;C:\Users\Ma Jiahui\.jdks\corretto-1.8.0_422\jre\lib\jce.jar;C:\Users\Ma Jiahui\.jdks\corretto-1.8.0_422\jre\lib\charsets.jar;C:\Users\Ma Jiahui\.jdks\corretto-1.8.0_422\jre\lib\jfr.jar;C:\Users\Ma Jiahui\.jdks\corretto-1.8.0_422\jre\classes"/>
    <property name="user.script" value=""/>
    <property name="sun.management.compiler" value="HotSpot 64-Bit Tiered Compilers"/>
    <property name="java.runtime.version" value="1.8.0_422-b05"/>
    <property name="user.name" value="Ma Jiahui"/>
    <property name="path.separator" value=";"/>
    <property name="os.version" value="10.0"/>
    <property name="java.endorsed.dirs" value="C:\Users\Ma Jiahui\.jdks\corretto-1.8.0_422\jre\lib\endorsed"/>
    <property name="java.runtime.name" value="OpenJDK Runtime Environment"/>
    <property name="file.encoding" value="GBK"/>
    <property name="spring.beaninfo.ignore" value="true"/>
    <property name="java.vm.name" value="OpenJDK 64-Bit Server VM"/>
    <property name="localRepository" value="D:\JavaWeb\Maven\repository"/>
    <property name="java.vendor.url.bug" value="https://github.com/corretto/corretto-8/issues/"/>
    <property name="java.io.tmpdir" value="C:\Users\MAJIAH~1\AppData\Local\Temp\"/>
    <property name="idea.version" value="2024.1.1"/>
    <property name="java.version" value="1.8.0_422"/>
    <property name="user.dir" value="D:\JavaCode\Yupi\OJ\CodeSandbox"/>
    <property name="os.arch" value="amd64"/>
    <property name="java.vm.specification.name" value="Java Virtual Machine Specification"/>
    <property name="PID" value="12360"/>
    <property name="java.awt.printerjob" value="sun.awt.windows.WPrinterJob"/>
    <property name="sun.os.patch.level" value=""/>
    <property name="CONSOLE_LOG_CHARSET" value="GBK"/>
    <property name="java.library.path" value="C:\Users\Ma Jiahui\.jdks\corretto-1.8.0_422\jre\bin;C:\WINDOWS\Sun\Java\bin;C:\WINDOWS\system32;C:\WINDOWS;C:\Program Files\Java\jdk-11.0.12\bin;D:\VMware\bin\;C:\Program Files\Common Files\Oracle\Java\javapath;C:\Windows\system32;C:\Windows;C:\Windows\System32\Wbem;C:\Windows\System32\WindowsPowerShell\v1.0\;C:\Windows\System32\OpenSSH\;C:\Program Files (x86)\NVIDIA Corporation\PhysX\Common;C:\Program Files\NVIDIA Corporation\NVIDIA NvDLISR;C:\WINDOWS\system32;C:\WINDOWS;C:\WINDOWS\System32\Wbem;C:\WINDOWS\System32\WindowsPowerShell\v1.0\;C:\WINDOWS\System32\OpenSSH\;D:\mjh\Git\cmd;C:\Program Files\Azure Data Studio\bin;D:\JavaWeb\nodejs\;D:\JavaWeb\Maven\apache-maven-3.9.6\bin;D:\JavaWeb\mysql-8.2.0-winx64\bin;D:\JavaWeb\uniapp\微信web开发者工具\dll;;D:\mjh\应用程序存储\pcsuite\;C:\WINDOWS\system32;C:\WINDOWS;C:\WINDOWS\System32\Wbem;C:\WINDOWS\System32\WindowsPowerShell\v1.0\;C:\WINDOWS\System32\OpenSSH\;D:\mjh\python\Scripts\;D:\mjh\python\;C:\Users\Ma Jiahui\AppData\Local\Microsoft\WindowsApps;D:\Program Files\CUDA\bin;D:\Program Files\CUDA\libnvvp;C:\Program Files (x86)\NVIDIA Corporation\PhysX\Common;C:\Program Files\NVIDIA Corporation\NVIDIA NvDLISR;D:\Program Files\CUDA;D:\Program Files\CUDA\lib\x64;C:\Program Files\Azure Data Studio\bin;D:\mjh\Microsoft VS Code\bin;D:\JetBrains Rider 2023.2.2\bin;;C:\Users\Ma Jiahui\AppData\Roaming\npm;C:\Users\Ma Jiahui\IntelliJ IDEA 2024.1.1\bin;;D:\mjh\cpolar\;D:\新建文件夹\Web\sqlite;;."/>
    <property name="java.vm.info" value="mixed mode"/>
    <property name="java.vendor" value="Amazon.com Inc."/>
    <property name="java.vm.version" value="25.422-b05"/>
    <property name="java.specification.maintenance.version" value="5"/>
    <property name="java.ext.dirs" value="C:\Users\Ma Jiahui\.jdks\corretto-1.8.0_422\jre\lib\ext;C:\WINDOWS\Sun\Java\lib\ext"/>
    <property name="sun.io.unicode.encoding" value="UnicodeLittle"/>
    <property name="maven.repo.local" value="D:\JavaWeb\Maven\repository"/>
    <property name="java.class.version" value="52.0"/>
  </properties>
  <testcase name="contextLoads" classname="com.mjh.codesandbox.CodeSandboxApplicationTests" time="0.301">
    <system-out><![CDATA[21:47:00.003 [main] DEBUG org.springframework.test.context.BootstrapUtils - Instantiating CacheAwareContextLoaderDelegate from class [org.springframework.test.context.cache.DefaultCacheAwareContextLoaderDelegate]
21:47:00.015 [main] DEBUG org.springframework.test.context.BootstrapUtils - Instantiating BootstrapContext using constructor [public org.springframework.test.context.support.DefaultBootstrapContext(java.lang.Class,org.springframework.test.context.CacheAwareContextLoaderDelegate)]
21:47:00.078 [main] DEBUG org.springframework.test.context.BootstrapUtils - Instantiating TestContextBootstrapper for test class [com.mjh.codesandbox.CodeSandboxApplicationTests] from class [org.springframework.boot.test.context.SpringBootTestContextBootstrapper]
21:47:00.099 [main] INFO org.springframework.boot.test.context.SpringBootTestContextBootstrapper - Neither @ContextConfiguration nor @ContextHierarchy found for test class [com.mjh.codesandbox.CodeSandboxApplicationTests], using SpringBootContextLoader
21:47:00.103 [main] DEBUG org.springframework.test.context.support.AbstractContextLoader - Did not detect default resource location for test class [com.mjh.codesandbox.CodeSandboxApplicationTests]: class path resource [com/mjh/codesandbox/CodeSandboxApplicationTests-context.xml] does not exist
21:47:00.104 [main] DEBUG org.springframework.test.context.support.AbstractContextLoader - Did not detect default resource location for test class [com.mjh.codesandbox.CodeSandboxApplicationTests]: class path resource [com/mjh/codesandbox/CodeSandboxApplicationTestsContext.groovy] does not exist
21:47:00.104 [main] INFO org.springframework.test.context.support.AbstractContextLoader - Could not detect default resource locations for test class [com.mjh.codesandbox.CodeSandboxApplicationTests]: no resource found for suffixes {-context.xml, Context.groovy}.
21:47:00.104 [main] INFO org.springframework.test.context.support.AnnotationConfigContextLoaderUtils - Could not detect default configuration classes for test class [com.mjh.codesandbox.CodeSandboxApplicationTests]: CodeSandboxApplicationTests does not declare any static, non-private, non-final, nested classes annotated with @Configuration.
21:47:00.175 [main] DEBUG org.springframework.test.context.support.ActiveProfilesUtils - Could not find an 'annotation declaring class' for annotation type [org.springframework.test.context.ActiveProfiles] and class [com.mjh.codesandbox.CodeSandboxApplicationTests]
21:47:00.289 [main] DEBUG org.springframework.context.annotation.ClassPathScanningCandidateComponentProvider - Identified candidate component class: file [D:\JavaCode\Yupi\OJ\CodeSandbox\target\classes\com\mjh\codesandbox\CodeSandboxApplication.class]
21:47:00.291 [main] INFO org.springframework.boot.test.context.SpringBootTestContextBootstrapper - Found @SpringBootConfiguration com.mjh.codesandbox.CodeSandboxApplication for test class com.mjh.codesandbox.CodeSandboxApplicationTests
21:47:00.422 [main] DEBUG org.springframework.boot.test.context.SpringBootTestContextBootstrapper - @TestExecutionListeners is not present for class [com.mjh.codesandbox.CodeSandboxApplicationTests]: using defaults.
21:47:00.423 [main] INFO org.springframework.boot.test.context.SpringBootTestContextBootstrapper - Loaded default TestExecutionListener class names from location [META-INF/spring.factories]: [org.springframework.boot.test.mock.mockito.MockitoTestExecutionListener, org.springframework.boot.test.mock.mockito.ResetMocksTestExecutionListener, org.springframework.boot.test.autoconfigure.restdocs.RestDocsTestExecutionListener, org.springframework.boot.test.autoconfigure.web.client.MockRestServiceServerResetTestExecutionListener, org.springframework.boot.test.autoconfigure.web.servlet.MockMvcPrintOnlyOnFailureTestExecutionListener, org.springframework.boot.test.autoconfigure.web.servlet.WebDriverTestExecutionListener, org.springframework.boot.test.autoconfigure.webservices.client.MockWebServiceServerTestExecutionListener, org.springframework.test.context.web.ServletTestExecutionListener, org.springframework.test.context.support.DirtiesContextBeforeModesTestExecutionListener, org.springframework.test.context.event.ApplicationEventsTestExecutionListener, org.springframework.test.context.support.DependencyInjectionTestExecutionListener, org.springframework.test.context.support.DirtiesContextTestExecutionListener, org.springframework.test.context.transaction.TransactionalTestExecutionListener, org.springframework.test.context.jdbc.SqlScriptsTestExecutionListener, org.springframework.test.context.event.EventPublishingTestExecutionListener]
21:47:00.452 [main] DEBUG org.springframework.boot.test.context.SpringBootTestContextBootstrapper - Skipping candidate TestExecutionListener [org.springframework.test.context.transaction.TransactionalTestExecutionListener] due to a missing dependency. Specify custom listener classes or make the default listener classes and their required dependencies available. Offending class: [org/springframework/transaction/interceptor/TransactionAttributeSource]
21:47:00.454 [main] DEBUG org.springframework.boot.test.context.SpringBootTestContextBootstrapper - Skipping candidate TestExecutionListener [org.springframework.test.context.jdbc.SqlScriptsTestExecutionListener] due to a missing dependency. Specify custom listener classes or make the default listener classes and their required dependencies available. Offending class: [org/springframework/transaction/interceptor/TransactionAttribute]
21:47:00.455 [main] INFO org.springframework.boot.test.context.SpringBootTestContextBootstrapper - Using TestExecutionListeners: [org.springframework.test.context.web.ServletTestExecutionListener@23941fb4, org.springframework.test.context.support.DirtiesContextBeforeModesTestExecutionListener@7486b455, org.springframework.test.context.event.ApplicationEventsTestExecutionListener@660acfb, org.springframework.boot.test.mock.mockito.MockitoTestExecutionListener@5d908d47, org.springframework.boot.test.autoconfigure.SpringBootDependencyInjectionTestExecutionListener@5efa40fe, org.springframework.test.context.support.DirtiesContextTestExecutionListener@1f9f6368, org.springframework.test.context.event.EventPublishingTestExecutionListener@1c9b0314, org.springframework.boot.test.mock.mockito.ResetMocksTestExecutionListener@45385f75, org.springframework.boot.test.autoconfigure.restdocs.RestDocsTestExecutionListener@49c90a9c, org.springframework.boot.test.autoconfigure.web.client.MockRestServiceServerResetTestExecutionListener@2d29b4ee, org.springframework.boot.test.autoconfigure.web.servlet.MockMvcPrintOnlyOnFailureTestExecutionListener@69ee81fc, org.springframework.boot.test.autoconfigure.web.servlet.WebDriverTestExecutionListener@6e2aa843, org.springframework.boot.test.autoconfigure.webservices.client.MockWebServiceServerTestExecutionListener@6f36c2f0]
21:47:00.464 [main] DEBUG org.springframework.test.context.support.AbstractDirtiesContextTestExecutionListener - Before test class: context [DefaultTestContext@642a7222 testClass = CodeSandboxApplicationTests, testInstance = [null], testMethod = [null], testException = [null], mergedContextConfiguration = [WebMergedContextConfiguration@7d322cad testClass = CodeSandboxApplicationTests, locations = '{}', classes = '{class com.mjh.codesandbox.CodeSandboxApplication}', contextInitializerClasses = '[]', activeProfiles = '{}', propertySourceLocations = '{}', propertySourceProperties = '{org.springframework.boot.test.context.SpringBootTestContextBootstrapper=true}', contextCustomizers = set[org.springframework.boot.test.context.filter.ExcludeFilterContextCustomizer@26794848, org.springframework.boot.test.json.DuplicateJsonObjectContextCustomizerFactory$DuplicateJsonObjectContextCustomizer@40005471, org.springframework.boot.test.mock.mockito.MockitoContextCustomizer@0, org.springframework.boot.test.web.client.TestRestTemplateContextCustomizer@fa4c865, org.springframework.boot.test.autoconfigure.actuate.metrics.MetricsExportContextCustomizerFactory$DisableMetricExportContextCustomizer@24313fcc, org.springframework.boot.test.autoconfigure.properties.PropertyMappingContextCustomizer@0, org.springframework.boot.test.autoconfigure.web.servlet.WebDriverContextCustomizerFactory$Customizer@6913c1fb, org.springframework.boot.test.context.SpringBootTestArgs@1, org.springframework.boot.test.context.SpringBootTestWebEnvironment@6737fd8f], resourceBasePath = 'src/main/webapp', contextLoader = 'org.springframework.boot.test.context.SpringBootContextLoader', parent = [null]], attributes = map['org.springframework.test.context.web.ServletTestExecutionListener.activateListener' -> true]], class annotated with @DirtiesContext [false] with mode [null].

  .   ____          _            __ _ _
 /\\ / ___'_ __ _ _(_)_ __  __ _ \ \ \ \
( ( )\___ | '_ | '_| | '_ \/ _` | \ \ \ \
 \\/  ___)| |_)| | | | | || (_| |  ) ) ) )
  '  |____| .__|_| |_|_| |_\__, | / / / /
 =========|_|==============|___/=/_/_/_/
 :: Spring Boot ::               (v2.6.13)

2025-03-12 21:47:00.830  INFO 12360 --- [           main] c.m.c.CodeSandboxApplicationTests        : Starting CodeSandboxApplicationTests using Java 1.8.0_422 on MaJiahui with PID 12360 (started by Ma Jiahui in D:\JavaCode\Yupi\OJ\CodeSandbox)
2025-03-12 21:47:00.831  INFO 12360 --- [           main] c.m.c.CodeSandboxApplicationTests        : No active profile set, falling back to 1 default profile: "default"
2025-03-12 21:47:02.069  INFO 12360 --- [           main] o.s.b.a.w.s.WelcomePageHandlerMapping    : Adding welcome page: class path resource [static/index.html]
2025-03-12 21:47:02.318  INFO 12360 --- [           main] c.m.c.CodeSandboxApplicationTests        : Started CodeSandboxApplicationTests in 1.797 seconds (JVM running for 3.194)
]]></system-out>
  </testcase>
</testsuite>